  main.cpp
c:\users\romai\documents\github\m1s1_lmg\shader.h(65): warning C4101: 'infoLog': unreferenced local variable
c:\users\romai\documents\github\m1s1_lmg\shader.h(64): warning C4101: 'success': unreferenced local variable
c:\users\romai\documents\github\m1s1_lmg\main.cpp(289): warning C4244: 'initializing': conversion from 'double' to 'float', possible loss of data
c:\users\romai\documents\github\m1s1_lmg\main.cpp(331): warning C4305: 'argument': truncation from 'double' to 'float'
c:\users\romai\documents\github\m1s1_lmg\main.cpp(332): warning C4305: 'argument': truncation from 'double' to 'float'
c:\users\romai\documents\github\m1s1_lmg\main.cpp(339): warning C4305: 'argument': truncation from 'double' to 'float'
c:\users\romai\documents\github\m1s1_lmg\main.cpp(340): warning C4305: 'argument': truncation from 'double' to 'float'
c:\users\romai\documents\github\m1s1_lmg\main.cpp(347): warning C4305: 'argument': truncation from 'double' to 'float'
c:\users\romai\documents\github\m1s1_lmg\main.cpp(348): warning C4305: 'argument': truncation from 'double' to 'float'
c:\users\romai\documents\github\m1s1_lmg\main.cpp(355): warning C4305: 'argument': truncation from 'double' to 'float'
c:\users\romai\documents\github\m1s1_lmg\main.cpp(356): warning C4305: 'argument': truncation from 'double' to 'float'
c:\users\romai\documents\github\m1s1_lmg\main.cpp(364): warning C4305: 'argument': truncation from 'double' to 'float'
c:\users\romai\documents\github\m1s1_lmg\main.cpp(365): warning C4305: 'argument': truncation from 'double' to 'float'
c:\users\romai\documents\github\m1s1_lmg\main.cpp(495): warning C4244: '=': conversion from 'double' to 'float', possible loss of data
c:\users\romai\documents\github\m1s1_lmg\main.cpp(496): warning C4244: '=': conversion from 'double' to 'float', possible loss of data
c:\users\romai\documents\github\m1s1_lmg\main.cpp(500): warning C4244: 'initializing': conversion from 'double' to 'float', possible loss of data
c:\users\romai\documents\github\m1s1_lmg\main.cpp(501): warning C4244: 'initializing': conversion from 'double' to 'float', possible loss of data
c:\users\romai\documents\github\m1s1_lmg\main.cpp(503): warning C4244: '=': conversion from 'double' to 'float', possible loss of data
c:\users\romai\documents\github\m1s1_lmg\main.cpp(504): warning C4244: '=': conversion from 'double' to 'float', possible loss of data
c:\users\romai\documents\github\m1s1_lmg\main.cpp(515): warning C4244: 'argument': conversion from 'double' to 'float', possible loss of data
LINK : warning LNK4098: defaultlib 'MSVCRT' conflicts with use of other libs; use /NODEFAULTLIB:library
  OpenGL.vcxproj -> C:\Users\romai\Documents\GitHub\M1S1_LMG\Debug\OpenGL.exe
  OpenGL.vcxproj -> C:\Users\romai\Documents\GitHub\M1S1_LMG\Debug\OpenGL.pdb (Partial PDB)
